2014-05-28 12:57:28.771 HelloWorld[9351:70b] Multi-tasking -> Device: YES, App: YES
2014-05-28 12:57:28.800 HelloWorld[9351:70b] Unlimited access to network resources
2014-05-28 12:57:28.804 HelloWorld[9351:70b] 

Started backup to iCloud! Please be careful.
Your application might rejected by Apple if you store too much data.
For more information please read "iOS Data Storage Guidelines"
You could find it at the following address https://developer.apple.com/icloud/documentation/data-storage/ .

2014-05-28 12:57:29.250 HelloWorld[9351:70b] Resetting plugins due to page load.
2014-05-28 12:57:29.334 HelloWorld[9351:70b] Finished load of: file:///Users/mharper/Library/Application%20Support/iPhone%20Simulator/7.1/Applications/3116FF76-C73F-4722-B3FE-7FC24385674E/HelloWorld.app/www/index.html
2014-05-28 16:12:37.444 HelloWorld[33069:70b] Multi-tasking -> Device: YES, App: YES
2014-05-28 16:12:37.497 HelloWorld[33069:70b] Unlimited access to network resources
2014-05-28 16:12:37.508 HelloWorld[33069:70b] 

Started backup to iCloud! Please be careful.
Your application might rejected by Apple if you store too much data.
For more information please read "iOS Data Storage Guidelines"
You could find it at the following address https://developer.apple.com/icloud/documentation/data-storage/ .

2014-05-28 16:12:37.840 HelloWorld[33069:70b] Resetting plugins due to page load.
2014-05-28 16:12:37.998 HelloWorld[33069:70b] Finished load of: file:///Users/mharper/Library/Application%20Support/iPhone%20Simulator/7.1/Applications/3116FF76-C73F-4722-B3FE-7FC24385674E/HelloWorld.app/www/index.html
2014-05-28 16:15:25.313 HelloWorld[33303:70b] Multi-tasking -> Device: YES, App: YES
2014-05-28 16:15:25.322 HelloWorld[33303:70b] Unlimited access to network resources
2014-05-28 16:15:25.325 HelloWorld[33303:70b] 

Started backup to iCloud! Please be careful.
Your application might rejected by Apple if you store too much data.
For more information please read "iOS Data Storage Guidelines"
You could find it at the following address https://developer.apple.com/icloud/documentation/data-storage/ .

2014-05-28 16:15:25.403 HelloWorld[33303:70b] Resetting plugins due to page load.
2014-05-28 16:15:25.439 HelloWorld[33303:70b] Finished load of: file:///Users/mharper/Library/Application%20Support/iPhone%20Simulator/7.1/Applications/3116FF76-C73F-4722-B3FE-7FC24385674E/HelloWorld.app/www/index.html
2014-05-28 16:20:01.198 HelloWorld[33501:70b] Multi-tasking -> Device: YES, App: YES
2014-05-28 16:20:01.204 HelloWorld[33501:70b] Unlimited access to network resources
2014-05-28 16:20:01.213 HelloWorld[33501:70b] 

Started backup to iCloud! Please be careful.
Your application might rejected by Apple if you store too much data.
For more information please read "iOS Data Storage Guidelines"
You could find it at the following address https://developer.apple.com/icloud/documentation/data-storage/ .

2014-05-28 16:20:01.297 HelloWorld[33501:70b] Resetting plugins due to page load.
2014-05-28 16:20:01.338 HelloWorld[33501:70b] Finished load of: file:///Users/mharper/Library/Application%20Support/iPhone%20Simulator/7.1/Applications/3116FF76-C73F-4722-B3FE-7FC24385674E/HelloWorld.app/www/index.html
2014-05-28 16:20:33.704 HelloWorld[33592:70b] Multi-tasking -> Device: YES, App: YES
2014-05-28 16:20:33.710 HelloWorld[33592:70b] Unlimited access to network resources
2014-05-28 16:20:33.712 HelloWorld[33592:70b] 

Started backup to iCloud! Please be careful.
Your application might rejected by Apple if you store too much data.
For more information please read "iOS Data Storage Guidelines"
You could find it at the following address https://developer.apple.com/icloud/documentation/data-storage/ .

2014-05-28 16:20:33.779 HelloWorld[33592:70b] Resetting plugins due to page load.
2014-05-28 16:20:33.822 HelloWorld[33592:70b] Finished load of: file:///Users/mharper/Library/Application%20Support/iPhone%20Simulator/7.1/Applications/3116FF76-C73F-4722-B3FE-7FC24385674E/HelloWorld.app/www/index.html
2014-05-28 16:26:01.049 HelloWorld[33744:70b] Multi-tasking -> Device: YES, App: YES
2014-05-28 16:26:01.057 HelloWorld[33744:70b] Unlimited access to network resources
2014-05-28 16:26:01.060 HelloWorld[33744:70b] 

Started backup to iCloud! Please be careful.
Your application might rejected by Apple if you store too much data.
For more information please read "iOS Data Storage Guidelines"
You could find it at the following address https://developer.apple.com/icloud/documentation/data-storage/ .

2014-05-28 16:26:01.182 HelloWorld[33744:70b] Resetting plugins due to page load.
2014-05-28 16:26:01.239 HelloWorld[33744:70b] Finished load of: file:///Users/mharper/Library/Application%20Support/iPhone%20Simulator/7.1/Applications/3116FF76-C73F-4722-B3FE-7FC24385674E/HelloWorld.app/www/index.html
2014-05-28 16:28:46.732 HelloWorld[33875:70b] Multi-tasking -> Device: YES, App: YES
2014-05-28 16:28:46.737 HelloWorld[33875:70b] Unlimited access to network resources
2014-05-28 16:28:46.740 HelloWorld[33875:70b] 

Started backup to iCloud! Please be careful.
Your application might rejected by Apple if you store too much data.
For more information please read "iOS Data Storage Guidelines"
You could find it at the following address https://developer.apple.com/icloud/documentation/data-storage/ .

2014-05-28 16:28:46.794 HelloWorld[33875:70b] Resetting plugins due to page load.
2014-05-28 16:28:46.835 HelloWorld[33875:70b] Finished load of: file:///Users/mharper/Library/Application%20Support/iPhone%20Simulator/7.1/Applications/3116FF76-C73F-4722-B3FE-7FC24385674E/HelloWorld.app/www/index.html
2014-05-28 16:35:39.439 HelloWorld[34050:70b] Multi-tasking -> Device: YES, App: YES
2014-05-28 16:35:39.445 HelloWorld[34050:70b] Unlimited access to network resources
2014-05-28 16:35:39.447 HelloWorld[34050:70b] 

Started backup to iCloud! Please be careful.
Your application might rejected by Apple if you store too much data.
For more information please read "iOS Data Storage Guidelines"
You could find it at the following address https://developer.apple.com/icloud/documentation/data-storage/ .

2014-05-28 16:35:39.494 HelloWorld[34050:70b] Resetting plugins due to page load.
2014-05-28 16:35:39.527 HelloWorld[34050:70b] Finished load of: file:///Users/mharper/Library/Application%20Support/iPhone%20Simulator/7.1/Applications/3116FF76-C73F-4722-B3FE-7FC24385674E/HelloWorld.app/www/index.html
2014-05-28 16:38:58.694 HelloWorld[34190:70b] Multi-tasking -> Device: YES, App: YES
2014-05-28 16:38:58.699 HelloWorld[34190:70b] Unlimited access to network resources
2014-05-28 16:38:58.701 HelloWorld[34190:70b] 

Started backup to iCloud! Please be careful.
Your application might rejected by Apple if you store too much data.
For more information please read "iOS Data Storage Guidelines"
You could find it at the following address https://developer.apple.com/icloud/documentation/data-storage/ .

2014-05-28 16:38:58.747 HelloWorld[34190:70b] Resetting plugins due to page load.
2014-05-28 16:38:58.778 HelloWorld[34190:70b] Finished load of: file:///Users/mharper/Library/Application%20Support/iPhone%20Simulator/7.1/Applications/3116FF76-C73F-4722-B3FE-7FC24385674E/HelloWorld.app/www/index.html
2014-05-28 16:40:02.430 HelloWorld[34318:70b] Multi-tasking -> Device: YES, App: YES
2014-05-28 16:40:02.436 HelloWorld[34318:70b] Unlimited access to network resources
2014-05-28 16:40:02.439 HelloWorld[34318:70b] 

Started backup to iCloud! Please be careful.
Your application might rejected by Apple if you store too much data.
For more information please read "iOS Data Storage Guidelines"
You could find it at the following address https://developer.apple.com/icloud/documentation/data-storage/ .

2014-05-28 16:40:02.499 HelloWorld[34318:70b] Resetting plugins due to page load.
2014-05-28 16:40:02.533 HelloWorld[34318:70b] Finished load of: file:///Users/mharper/Library/Application%20Support/iPhone%20Simulator/7.1/Applications/3116FF76-C73F-4722-B3FE-7FC24385674E/HelloWorld.app/www/index.html
2014-05-28 16:43:49.956 HelloWorld[34451:70b] Multi-tasking -> Device: YES, App: YES
2014-05-28 16:43:49.961 HelloWorld[34451:70b] Unlimited access to network resources
2014-05-28 16:43:49.964 HelloWorld[34451:70b] 

Started backup to iCloud! Please be careful.
Your application might rejected by Apple if you store too much data.
For more information please read "iOS Data Storage Guidelines"
You could find it at the following address https://developer.apple.com/icloud/documentation/data-storage/ .

2014-05-28 16:43:50.011 HelloWorld[34451:70b] Resetting plugins due to page load.
2014-05-28 16:43:50.046 HelloWorld[34451:70b] Finished load of: file:///Users/mharper/Library/Application%20Support/iPhone%20Simulator/7.1/Applications/3116FF76-C73F-4722-B3FE-7FC24385674E/HelloWorld.app/www/index.html
2014-05-29 11:15:33.571 HelloWorld[36629:70b] Multi-tasking -> Device: YES, App: YES
2014-05-29 11:15:33.634 HelloWorld[36629:70b] Unlimited access to network resources
2014-05-29 11:15:33.640 HelloWorld[36629:70b] 

Started backup to iCloud! Please be careful.
Your application might rejected by Apple if you store too much data.
For more information please read "iOS Data Storage Guidelines"
You could find it at the following address https://developer.apple.com/icloud/documentation/data-storage/ .

2014-05-29 11:15:33.963 HelloWorld[36629:70b] Resetting plugins due to page load.
2014-05-29 11:15:34.055 HelloWorld[36629:70b] Finished load of: file:///Users/mharper/Library/Application%20Support/iPhone%20Simulator/7.1/Applications/3116FF76-C73F-4722-B3FE-7FC24385674E/HelloWorld.app/www/index.html
2014-05-29 11:15:34.125 HelloWorld[36629:70b] THREAD WARNING: ['Notification'] took '53.265869' ms. Plugin should use a background thread.
2014-05-29 11:19:15.254 HelloWorld[36772:70b] Multi-tasking -> Device: YES, App: YES
2014-05-29 11:19:15.259 HelloWorld[36772:70b] Unlimited access to network resources
2014-05-29 11:19:15.262 HelloWorld[36772:70b] 

Started backup to iCloud! Please be careful.
Your application might rejected by Apple if you store too much data.
For more information please read "iOS Data Storage Guidelines"
You could find it at the following address https://developer.apple.com/icloud/documentation/data-storage/ .

2014-05-29 11:19:15.354 HelloWorld[36772:70b] Resetting plugins due to page load.
2014-05-29 11:19:15.393 HelloWorld[36772:70b] Finished load of: file:///Users/mharper/Library/Application%20Support/iPhone%20Simulator/7.1/Applications/3116FF76-C73F-4722-B3FE-7FC24385674E/HelloWorld.app/www/index.html
2014-05-29 11:19:15.423 HelloWorld[36772:70b] THREAD WARNING: ['Notification'] took '14.850098' ms. Plugin should use a background thread.
2014-05-29 11:19:15.433 HelloWorld[36772:70b] Received Event: deviceready
